#
# There is insufficient memory for the Java Runtime Environment to continue.
# Native memory allocation (malloc) failed to allocate 265424 bytes for Chunk::new
# Possible reasons:
#   The system is out of physical RAM or swap space
#   The process is running with CompressedOops enabled, and the Java Heap may be blocking the growth of the native heap
# Possible solutions:
#   Reduce memory load on the system
#   Increase physical memory or swap space
#   Check if swap backing store is full
#   Decrease Java heap size (-Xmx/-Xms)
#   Decrease number of Java threads
#   Decrease Java thread stack sizes (-Xss)
#   Set larger code cache with -XX:ReservedCodeCacheSize=
#   JVM is running with Unscaled Compressed Oops mode in which the Java heap is
#     placed in the first 4GB address space. The Java Heap base address is the
#     maximum limit for the native heap growth. Please use -XX:HeapBaseMinAddress
#     to set the Java Heap base and to place the Java Heap above 4GB virtual address.
# This output file may be truncated or incomplete.
#
#  Out of Memory Error (arena.cpp:184), pid=18816, tid=17004
#
# JRE version: Java(TM) SE Runtime Environment (19.0.2+7) (build 19.0.2+7-44)
# Java VM: Java HotSpot(TM) 64-Bit Server VM (19.0.2+7-44, mixed mode, sharing, tiered, compressed oops, compressed class ptrs, g1 gc, windows-amd64)
# No core dump will be written. Minidumps are not enabled by default on client versions of Windows
#

---------------  S U M M A R Y ------------

Command Line: -ea -Dfile.encoding=UTF-8 -XX:+ShowCodeDetailsInExceptionMessages org.testng.remote.RemoteTestNG -serport 53446 -protocol json -d C:\Users\DEEPOO KADAPA\eclipse-workspace\AutomationFramework\test-output C:\Users\DEEPOO~1\AppData\Local\Temp\testng-eclipse--184710943\testng-customsuite.xml

Host: Intel(R) Core(TM) i3-1005G1 CPU @ 1.20GHz, 4 cores, 3G,  Windows 11 , 64 bit Build 22621 (10.0.22621.1928)
Time: Thu Jul 20 11:01:51 2023 Eastern Daylight Time elapsed time: 11.099592 seconds (0d 0h 0m 11s)

---------------  T H R E A D  ---------------

Current thread (0x0000023c5d3ab920):  JavaThread "C2 CompilerThread0" daemon [_thread_in_native, id=17004, stack(0x000000d280500000,0x000000d280600000)]


Current CompileTask:
C2:  11099 2678   !   4       java.io.PrintStream::write (81 bytes)

Stack: [0x000000d280500000,0x000000d280600000]
Native frames: (J=compiled Java code, j=interpreted, Vv=VM code, C=native code)
V  [jvm.dll+0x6ee21a]
V  [jvm.dll+0x85765e]
V  [jvm.dll+0x85904e]
V  [jvm.dll+0x859703]
V  [jvm.dll+0x28298f]
V  [jvm.dll+0xc9adf]
V  [jvm.dll+0xc9e65]
V  [jvm.dll+0x3bca4c]
V  [jvm.dll+0x3860e1]
V  [jvm.dll+0x38555a]
V  [jvm.dll+0x24c3d9]
V  [jvm.dll+0x24b781]
V  [jvm.dll+0x1d6ce1]
V  [jvm.dll+0x25b25a]
V  [jvm.dll+0x2596e8]
V  [jvm.dll+0x807588]
V  [jvm.dll+0x80125a]
V  [jvm.dll+0x6ecf0b]
C  [ucrtbase.dll+0x29363]
C  [KERNEL32.DLL+0x126ad]
C  [ntdll.dll+0x5aa68]


---------------  P R O C E S S  ---------------

Threads class SMR info:
_java_thread_list=0x0000023c633e17e0, length=21, elements={
0x0000023c41d0a020, 0x0000023c5d39b120, 0x0000023c5d39db60, 0x0000023c5d3a2c10,
0x0000023c5d3a3540, 0x0000023c5d3a3e70, 0x0000023c5d3a47a0, 0x0000023c5d3ab920,
0x0000023c5d3b6a90, 0x0000023c5d3c1400, 0x0000023c618ccdc0, 0x0000023c618db190,
0x0000023c61e9e530, 0x0000023c62fd3a00, 0x0000023c61a5c380, 0x0000023c61ab60c0,
0x0000023c618ea3a0, 0x0000023c62cde020, 0x0000023c63064080, 0x0000023c63063090,
0x0000023c630635e0
}

Java Threads: ( => current thread )
  0x0000023c41d0a020 JavaThread "Forwarding newSession on session null to remote" [_thread_blocked, id=6268, stack(0x000000d2ff800000,0x000000d2ff900000)]
  0x0000023c5d39b120 JavaThread "Reference Handler" daemon [_thread_blocked, id=18520, stack(0x000000d2fff00000,0x000000d300000000)]
  0x0000023c5d39db60 JavaThread "Finalizer" daemon [_thread_blocked, id=20908, stack(0x000000d280000000,0x000000d280100000)]
  0x0000023c5d3a2c10 JavaThread "Signal Dispatcher" daemon [_thread_blocked, id=18132, stack(0x000000d280100000,0x000000d280200000)]
  0x0000023c5d3a3540 JavaThread "Attach Listener" daemon [_thread_blocked, id=4736, stack(0x000000d280200000,0x000000d280300000)]
  0x0000023c5d3a3e70 JavaThread "Service Thread" daemon [_thread_blocked, id=17684, stack(0x000000d280300000,0x000000d280400000)]
  0x0000023c5d3a47a0 JavaThread "Monitor Deflation Thread" daemon [_thread_blocked, id=11508, stack(0x000000d280400000,0x000000d280500000)]
=>0x0000023c5d3ab920 JavaThread "C2 CompilerThread0" daemon [_thread_in_native, id=17004, stack(0x000000d280500000,0x000000d280600000)]
  0x0000023c5d3b6a90 JavaThread "C1 CompilerThread0" daemon [_thread_blocked, id=12712, stack(0x000000d280600000,0x000000d280700000)]
  0x0000023c5d3c1400 JavaThread "Sweeper thread" daemon [_thread_blocked, id=19072, stack(0x000000d280700000,0x000000d280800000)]
  0x0000023c618ccdc0 JavaThread "Notification Thread" daemon [_thread_blocked, id=19448, stack(0x000000d280800000,0x000000d280900000)]
  0x0000023c618db190 JavaThread "Common-Cleaner" daemon [_thread_blocked, id=21616, stack(0x000000d280a00000,0x000000d280b00000)]
  0x0000023c61e9e530 JavaThread "ReaderThread" [_thread_in_native, id=6416, stack(0x000000d280c00000,0x000000d280d00000)]
  0x0000023c62fd3a00 JavaThread "ForkJoinPool.commonPool-worker-1" daemon [_thread_blocked, id=5760, stack(0x000000d281000000,0x000000d281100000)]
  0x0000023c61a5c380 JavaThread "AsyncHttpClient-1-1" daemon [_thread_blocked, id=6884, stack(0x000000d281100000,0x000000d281200000)]
  0x0000023c61ab60c0 JavaThread "Exec Default Executor" daemon [_thread_in_native, id=20692, stack(0x000000d281200000,0x000000d281300000)]
  0x0000023c618ea3a0 JavaThread "Exec Stream Pumper" daemon [_thread_in_native, id=21840, stack(0x000000d281300000,0x000000d281400000)]
  0x0000023c62cde020 JavaThread "Exec Stream Pumper" daemon [_thread_in_native, id=8828, stack(0x000000d281400000,0x000000d281500000)]
  0x0000023c63064080 JavaThread "Driver Service Executor" daemon [_thread_blocked, id=8452, stack(0x000000d281500000,0x000000d281600000)]
  0x0000023c63063090 JavaThread "Driver Service Executor" daemon [_thread_blocked, id=2284, stack(0x000000d281600000,0x000000d281700000)]
  0x0000023c630635e0 JavaThread "AsyncHttpClient-1-2" daemon [_thread_in_native, id=3840, stack(0x000000d281700000,0x000000d281800000)]

Other Threads:
  0x0000023c5d381fa0 VMThread "VM Thread" [stack: 0x000000d2ffe00000,0x000000d2fff00000] [id=21992]
  0x0000023c618d3320 WatcherThread "VM Periodic Task Thread" [stack: 0x000000d280900000,0x000000d280a00000] [id=20760]
  0x0000023c41d4af80 WorkerThread "GC Thread#0" [stack: 0x000000d2ff900000,0x000000d2ffa00000] [id=20500]
  0x0000023c62244100 WorkerThread "GC Thread#1" [stack: 0x000000d280d00000,0x000000d280e00000] [id=6624]
  0x0000023c622f93a0 WorkerThread "GC Thread#2" [stack: 0x000000d280e00000,0x000000d280f00000] [id=3208]
  0x0000023c622f9670 WorkerThread "GC Thread#3" [stack: 0x000000d280f00000,0x000000d281000000] [id=11652]
  0x0000023c41d54000 ConcurrentGCThread "G1 Main Marker" [stack: 0x000000d2ffa00000,0x000000d2ffb00000] [id=12004]
  0x0000023c41d54a30 WorkerThread "G1 Conc#0" [stack: 0x000000d2ffb00000,0x000000d2ffc00000] [id=9436]
  0x0000023c5d2414b0 ConcurrentGCThread "G1 Refine#0" [stack: 0x000000d2ffc00000,0x000000d2ffd00000] [id=2060]
  0x0000023c41dbbb00 ConcurrentGCThread "G1 Service" [stack: 0x000000d2ffd00000,0x000000d2ffe00000] [id=21436]

Threads with active compile tasks:
C2 CompilerThread0    11138 2678   !   4       java.io.PrintStream::write (81 bytes)

VM state: not at safepoint (normal execution)

VM Mutex/Monitor currently owned by a thread: None

Heap address: 0x00000000c4c00000, size: 948 MB, Compressed Oops mode: 32-bit

CDS archive(s) mapped at: [0x0000000800000000-0x0000000800c40000-0x0000000800c40000), size 12845056, SharedBaseAddress: 0x0000000800000000, ArchiveRelocationMode: 0.
Compressed class space mapped at: 0x0000000801000000-0x0000000841000000, reserved size: 1073741824
Narrow klass base: 0x0000000800000000, Narrow klass shift: 0, Narrow klass range: 0x100000000

GC Precious Log:
 CardTable entry size: 512
 Card Set container configuration: InlinePtr #cards 5 size 8 Array Of Cards #cards 12 size 40 Howl #buckets 4 coarsen threshold 1843 Howl Bitmap #cards 512 size 80 coarsen threshold 460 Card regions per heap region 1 cards per card region 2048
 CPUs: 4 total, 4 available
 Memory: 3784M
 Large Page Support: Disabled
 NUMA Support: Disabled
 Compressed Oops: Enabled (32-bit)
 Heap Region Size: 1M
 Heap Min Capacity: 8M
 Heap Initial Capacity: 60M
 Heap Max Capacity: 948M
 Pre-touch: Disabled
 Parallel Workers: 4
 Concurrent Workers: 1
 Concurrent Refinement Workers: 4
 Periodic GC: Disabled

Heap:
 garbage-first heap   total 48128K, used 28568K [0x00000000c4c00000, 0x0000000100000000)
  region size 1024K, 14 young (14336K), 2 survivors (2048K)
 Metaspace       used 24618K, committed 24960K, reserved 1114112K
  class space    used 2925K, committed 3072K, reserved 1048576K

Heap Regions: E=young(eden), S=young(survivor), O=old, HS=humongous(starts), HC=humongous(continues), CS=collection set, F=free, OA=open archive, CA=closed archive, TAMS=top-at-mark-start (previous, next)
|   0|0x00000000c4c00000, 0x00000000c4d00000, 0x00000000c4d00000|100%|HS|  |TAMS 0x00000000c4d00000, 0x00000000c4c00000| Complete 
|   1|0x00000000c4d00000, 0x00000000c4e00000, 0x00000000c4e00000|100%| O|  |TAMS 0x00000000c4e00000, 0x00000000c4d00000| Untracked 
|   2|0x00000000c4e00000, 0x00000000c4f00000, 0x00000000c4f00000|100%| O|  |TAMS 0x00000000c4f00000, 0x00000000c4e00000| Untracked 
|   3|0x00000000c4f00000, 0x00000000c5000000, 0x00000000c5000000|100%| O|  |TAMS 0x00000000c5000000, 0x00000000c4f00000| Untracked 
|   4|0x00000000c5000000, 0x00000000c5100000, 0x00000000c5100000|100%| O|  |TAMS 0x00000000c5100000, 0x00000000c5000000| Untracked 
|   5|0x00000000c5100000, 0x00000000c5200000, 0x00000000c5200000|100%| O|  |TAMS 0x00000000c5200000, 0x00000000c5100000| Untracked 
|   6|0x00000000c5200000, 0x00000000c5300000, 0x00000000c5300000|100%| O|  |TAMS 0x00000000c5300000, 0x00000000c5200000| Untracked 
|   7|0x00000000c5300000, 0x00000000c5400000, 0x00000000c5400000|100%| O|  |TAMS 0x00000000c5400000, 0x00000000c5300000| Untracked 
|   8|0x00000000c5400000, 0x00000000c5500000, 0x00000000c5500000|100%| O|  |TAMS 0x00000000c5500000, 0x00000000c5400000| Untracked 
|   9|0x00000000c5500000, 0x00000000c5600000, 0x00000000c5600000|100%| O|  |TAMS 0x00000000c5600000, 0x00000000c5500000| Untracked 
|  10|0x00000000c5600000, 0x00000000c568e800, 0x00000000c5700000| 55%| O|  |TAMS 0x00000000c568e800, 0x00000000c5600000| Complete 
|  11|0x00000000c5700000, 0x00000000c5800000, 0x00000000c5800000|100%|HS|  |TAMS 0x00000000c5700000, 0x00000000c5700000| Complete 
|  12|0x00000000c5800000, 0x00000000c5900000, 0x00000000c5900000|100%|HC|  |TAMS 0x00000000c5800000, 0x00000000c5800000| Complete 
|  13|0x00000000c5900000, 0x00000000c5a00000, 0x00000000c5a00000|100%|HC|  |TAMS 0x00000000c5900000, 0x00000000c5900000| Complete 
|  14|0x00000000c5a00000, 0x00000000c5b00000, 0x00000000c5b00000|100%|HC|  |TAMS 0x00000000c5a00000, 0x00000000c5a00000| Complete 
|  15|0x00000000c5b00000, 0x00000000c5c00000, 0x00000000c5c00000|100%|HC|  |TAMS 0x00000000c5b00000, 0x00000000c5b00000| Complete 
|  16|0x00000000c5c00000, 0x00000000c5c00000, 0x00000000c5d00000|  0%| F|  |TAMS 0x00000000c5c00000, 0x00000000c5c00000| Untracked 
|  17|0x00000000c5d00000, 0x00000000c5d00000, 0x00000000c5e00000|  0%| F|  |TAMS 0x00000000c5d00000, 0x00000000c5d00000| Untracked 
|  18|0x00000000c5e00000, 0x00000000c5e00000, 0x00000000c5f00000|  0%| F|  |TAMS 0x00000000c5e00000, 0x00000000c5e00000| Untracked 
|  19|0x00000000c5f00000, 0x00000000c5f00000, 0x00000000c6000000|  0%| F|  |TAMS 0x00000000c5f00000, 0x00000000c5f00000| Untracked 
|  20|0x00000000c6000000, 0x00000000c6000000, 0x00000000c6100000|  0%| F|  |TAMS 0x00000000c6000000, 0x00000000c6000000| Untracked 
|  21|0x00000000c6100000, 0x00000000c6100000, 0x00000000c6200000|  0%| F|  |TAMS 0x00000000c6100000, 0x00000000c6100000| Untracked 
|  22|0x00000000c6200000, 0x00000000c6200000, 0x00000000c6300000|  0%| F|  |TAMS 0x00000000c6200000, 0x00000000c6200000| Untracked 
|  23|0x00000000c6300000, 0x00000000c6300000, 0x00000000c6400000|  0%| F|  |TAMS 0x00000000c6300000, 0x00000000c6300000| Untracked 
|  24|0x00000000c6400000, 0x00000000c6400000, 0x00000000c6500000|  0%| F|  |TAMS 0x00000000c6400000, 0x00000000c6400000| Untracked 
|  25|0x00000000c6500000, 0x00000000c6500000, 0x00000000c6600000|  0%| F|  |TAMS 0x00000000c6500000, 0x00000000c6500000| Untracked 
|  26|0x00000000c6600000, 0x00000000c6600000, 0x00000000c6700000|  0%| F|  |TAMS 0x00000000c6600000, 0x00000000c6600000| Untracked 
|  27|0x00000000c6700000, 0x00000000c6700000, 0x00000000c6800000|  0%| F|  |TAMS 0x00000000c6700000, 0x00000000c6700000| Untracked 
|  28|0x00000000c6800000, 0x00000000c6800000, 0x00000000c6900000|  0%| F|  |TAMS 0x00000000c6800000, 0x00000000c6800000| Untracked 
|  29|0x00000000c6900000, 0x00000000c6900000, 0x00000000c6a00000|  0%| F|  |TAMS 0x00000000c6900000, 0x00000000c6900000| Untracked 
|  30|0x00000000c6a00000, 0x00000000c6a00000, 0x00000000c6b00000|  0%| F|  |TAMS 0x00000000c6a00000, 0x00000000c6a00000| Untracked 
|  31|0x00000000c6b00000, 0x00000000c6b00000, 0x00000000c6c00000|  0%| F|  |TAMS 0x00000000c6b00000, 0x00000000c6b00000| Untracked 
|  32|0x00000000c6c00000, 0x00000000c6c00000, 0x00000000c6d00000|  0%| F|  |TAMS 0x00000000c6c00000, 0x00000000c6c00000| Untracked 
|  33|0x00000000c6d00000, 0x00000000c6dbb858, 0x00000000c6e00000| 73%| E|  |TAMS 0x00000000c6d00000, 0x00000000c6d00000| Complete 
|  34|0x00000000c6e00000, 0x00000000c6f00000, 0x00000000c6f00000|100%| E|CS|TAMS 0x00000000c6e00000, 0x00000000c6e00000| Complete 
|  35|0x00000000c6f00000, 0x00000000c7000000, 0x00000000c7000000|100%| E|CS|TAMS 0x00000000c6f00000, 0x00000000c6f00000| Complete 
|  36|0x00000000c7000000, 0x00000000c7100000, 0x00000000c7100000|100%| E|CS|TAMS 0x00000000c7000000, 0x00000000c7000000| Complete 
|  37|0x00000000c7100000, 0x00000000c7200000, 0x00000000c7200000|100%| E|CS|TAMS 0x00000000c7100000, 0x00000000c7100000| Complete 
|  38|0x00000000c7200000, 0x00000000c7300000, 0x00000000c7300000|100%| E|CS|TAMS 0x00000000c7200000, 0x00000000c7200000| Complete 
|  39|0x00000000c7300000, 0x00000000c7400000, 0x00000000c7400000|100%| E|CS|TAMS 0x00000000c7300000, 0x00000000c7300000| Complete 
|  40|0x00000000c7400000, 0x00000000c7500000, 0x00000000c7500000|100%| E|CS|TAMS 0x00000000c7400000, 0x00000000c7400000| Complete 
|  41|0x00000000c7500000, 0x00000000c7600000, 0x00000000c7600000|100%| E|CS|TAMS 0x00000000c7500000, 0x00000000c7500000| Complete 
|  42|0x00000000c7600000, 0x00000000c7700000, 0x00000000c7700000|100%| E|CS|TAMS 0x00000000c7600000, 0x00000000c7600000| Complete 
|  43|0x00000000c7700000, 0x00000000c7800000, 0x00000000c7800000|100%| E|CS|TAMS 0x00000000c7700000, 0x00000000c7700000| Complete 
|  50|0x00000000c7e00000, 0x00000000c7e57990, 0x00000000c7f00000| 34%| S|CS|TAMS 0x00000000c7e00000, 0x00000000c7e00000| Complete 
|  51|0x00000000c7f00000, 0x00000000c8000000, 0x00000000c8000000|100%| S|CS|TAMS 0x00000000c7f00000, 0x00000000c7f00000| Complete 
|  59|0x00000000c8700000, 0x00000000c8800000, 0x00000000c8800000|100%| E|CS|TAMS 0x00000000c8700000, 0x00000000c8700000| Complete 

Card table byte_map: [0x0000023c58c60000,0x0000023c58e40000] _byte_map_base: 0x0000023c5863a000

Marking Bits (Prev, Next): (CMBitMap*) 0x0000023c41d4b5f0, (CMBitMap*) 0x0000023c41d4b5b0
 Prev Bits: [0x0000023c59ef0000, 0x0000023c5adc0000)
 Next Bits: [0x0000023c59020000, 0x0000023c59ef0000)

Polling page: 0x0000023c3fe70000

Metaspace:

Usage:
  Non-class:     21.18 MB used.
      Class:      2.86 MB used.
       Both:     24.04 MB used.

Virtual space:
  Non-class space:       64.00 MB reserved,      21.38 MB ( 33%) committed,  1 nodes.
      Class space:        1.00 GB reserved,       3.00 MB ( <1%) committed,  1 nodes.
             Both:        1.06 GB reserved,      24.38 MB (  2%) committed. 

Chunk freelists:
   Non-Class:  2.28 MB
       Class:  832.00 KB
        Both:  3.09 MB

MaxMetaspaceSize: unlimited
CompressedClassSpaceSize: 1.00 GB
Initial GC threshold: 21.00 MB
Current GC threshold: 35.44 MB
CDS: on
MetaspaceReclaimPolicy: balanced
 - commit_granule_bytes: 65536.
 - commit_granule_words: 8192.
 - virtual_space_node_default_size: 8388608.
 - enlarge_chunks_in_place: 1.
 - new_chunks_are_fully_committed: 0.
 - uncommit_free_chunks: 1.
 - use_allocation_guard: 0.


Internal statistics:

num_allocs_failed_limit: 3.
num_arena_births: 360.
num_arena_deaths: 0.
num_vsnodes_births: 2.
num_vsnodes_deaths: 0.
num_space_committed: 390.
num_space_uncommitted: 0.
num_chunks_returned_to_freelist: 3.
num_chunks_taken_from_freelist: 960.
num_chunk_merges: 0.
num_chunk_splits: 667.
num_chunks_enlarged: 526.
num_inconsistent_stats: 0.

CodeHeap 'non-profiled nmethods': size=120000Kb used=1145Kb max_used=1145Kb free=118855Kb
 bounds [0x0000023c51730000, 0x0000023c519a0000, 0x0000023c58c60000]
CodeHeap 'profiled nmethods': size=120000Kb used=5446Kb max_used=5446Kb free=114553Kb
 bounds [0x0000023c49c60000, 0x0000023c4a1c0000, 0x0000023c51190000]
CodeHeap 'non-nmethods': size=5760Kb used=1402Kb max_used=1433Kb free=4357Kb
 bounds [0x0000023c51190000, 0x0000023c51400000, 0x0000023c51730000]
 total_blobs=3299 nmethods=2680 adapters=529
 compilation: enabled
              stopped_count=0, restarted_count=0
 full_count=0

Compilation events (20 events):
Event: 7.726 Thread 0x0000023c5d3b6a90 2670   !   3       java.io.PrintStream::write (81 bytes)
Event: 7.728 Thread 0x0000023c5d3b6a90 nmethod 2670 0x0000023c4a1ac110 code [0x0000023c4a1ac460, 0x0000023c4a1ad9c8]
Event: 7.728 Thread 0x0000023c5d3b6a90 2667       3       java.io.BufferedOutputStream::growIfNeeded (59 bytes)
Event: 7.728 Thread 0x0000023c5d3b6a90 nmethod 2667 0x0000023c4a1ae490 code [0x0000023c4a1ae640, 0x0000023c4a1ae948]
Event: 7.728 Thread 0x0000023c5d3b6a90 2668       3       org.openqa.selenium.io.MultiOutputStream::write (24 bytes)
Event: 7.729 Thread 0x0000023c5d3b6a90 nmethod 2668 0x0000023c4a1aea90 code [0x0000023c4a1aec40, 0x0000023c4a1aef38]
Event: 7.729 Thread 0x0000023c5d3b6a90 2671       3       java.io.PrintStream::implWrite (33 bytes)
Event: 7.729 Thread 0x0000023c5d3b6a90 nmethod 2671 0x0000023c4a1af090 code [0x0000023c4a1af280, 0x0000023c4a1af708]
Event: 8.392 Thread 0x0000023c5d3b6a90 2672   !   3       java.io.BufferedOutputStream::write (62 bytes)
Event: 8.393 Thread 0x0000023c5d3b6a90 nmethod 2672 0x0000023c4a1af890 code [0x0000023c4a1afb20, 0x0000023c4a1b0778]
Event: 8.393 Thread 0x0000023c5d3b6a90 2673       3       java.io.BufferedOutputStream::implWrite (40 bytes)
Event: 8.393 Thread 0x0000023c5d3b6a90 nmethod 2673 0x0000023c4a1b0c10 code [0x0000023c4a1b0de0, 0x0000023c4a1b1138]
Event: 11.018 Thread 0x0000023c5d3b6a90 2676       1       jdk.internal.event.ThreadSleepEvent::isEnabled (2 bytes)
Event: 11.018 Thread 0x0000023c5d3b6a90 nmethod 2676 0x0000023c5184d790 code [0x0000023c5184d920, 0x0000023c5184d9f8]
Event: 11.078 Thread 0x0000023c5d3ab920 2677  s    4       org.openqa.selenium.io.CircularOutputStream::write (87 bytes)
Event: 11.079 Thread 0x0000023c5d3ab920 nmethod 2677 0x0000023c5184da90 code [0x0000023c5184dc20, 0x0000023c5184de58]
Event: 11.079 Thread 0x0000023c5d3ab920 2679       4       java.io.BufferedOutputStream::growIfNeeded (59 bytes)
Event: 11.081 Thread 0x0000023c5d3ab920 nmethod 2679 0x0000023c5184df90 code [0x0000023c5184e120, 0x0000023c5184e2e8]
Event: 11.081 Thread 0x0000023c5d3ab920 2678   !   4       java.io.PrintStream::write (81 bytes)
Event: 11.093 Thread 0x0000023c5d3b6a90 2683       3       java.util.concurrent.locks.ReentrantLock$NonfairSync::tryAcquire (27 bytes)

GC Heap History (10 events):
Event: 2.523 GC heap before
{Heap before GC invocations=0 (full 0):
 garbage-first heap   total 61440K, used 13312K [0x00000000c4c00000, 0x0000000100000000)
  region size 1024K, 13 young (13312K), 0 survivors (0K)
 Metaspace       used 4837K, committed 5056K, reserved 1114112K
  class space    used 492K, committed 640K, reserved 1048576K
}
Event: 2.535 GC heap after
{Heap after GC invocations=1 (full 0):
 garbage-first heap   total 61440K, used 6369K [0x00000000c4c00000, 0x0000000100000000)
  region size 1024K, 2 young (2048K), 2 survivors (2048K)
 Metaspace       used 4837K, committed 5056K, reserved 1114112K
  class space    used 492K, committed 640K, reserved 1048576K
}
Event: 3.407 GC heap before
{Heap before GC invocations=1 (full 0):
 garbage-first heap   total 61440K, used 19681K [0x00000000c4c00000, 0x0000000100000000)
  region size 1024K, 15 young (15360K), 2 survivors (2048K)
 Metaspace       used 8167K, committed 8512K, reserved 1114112K
  class space    used 882K, committed 1024K, reserved 1048576K
}
Event: 3.412 GC heap after
{Heap after GC invocations=2 (full 0):
 garbage-first heap   total 61440K, used 7421K [0x00000000c4c00000, 0x0000000100000000)
  region size 1024K, 2 young (2048K), 2 survivors (2048K)
 Metaspace       used 8167K, committed 8512K, reserved 1114112K
  class space    used 882K, committed 1024K, reserved 1048576K
}
Event: 6.590 GC heap before
{Heap before GC invocations=2 (full 0):
 garbage-first heap   total 61440K, used 28925K [0x00000000c4c00000, 0x0000000100000000)
  region size 1024K, 23 young (23552K), 2 survivors (2048K)
 Metaspace       used 15781K, committed 16128K, reserved 1114112K
  class space    used 1759K, committed 1984K, reserved 1048576K
}
Event: 6.597 GC heap after
{Heap after GC invocations=3 (full 0):
 garbage-first heap   total 61440K, used 10798K [0x00000000c4c00000, 0x0000000100000000)
  region size 1024K, 3 young (3072K), 3 survivors (3072K)
 Metaspace       used 15781K, committed 16128K, reserved 1114112K
  class space    used 1759K, committed 1984K, reserved 1048576K
}
Event: 7.043 GC heap before
{Heap before GC invocations=3 (full 0):
 garbage-first heap   total 61440K, used 33326K [0x00000000c4c00000, 0x0000000100000000)
  region size 1024K, 25 young (25600K), 3 survivors (3072K)
 Metaspace       used 18675K, committed 19008K, reserved 1114112K
  class space    used 2133K, committed 2304K, reserved 1048576K
}
Event: 7.047 GC heap after
{Heap after GC invocations=4 (full 0):
 garbage-first heap   total 61440K, used 11744K [0x00000000c4c00000, 0x0000000100000000)
  region size 1024K, 1 young (1024K), 1 survivors (1024K)
 Metaspace       used 18675K, committed 19008K, reserved 1114112K
  class space    used 2133K, committed 2304K, reserved 1048576K
}
Event: 7.343 GC heap before
{Heap before GC invocations=4 (full 0):
 garbage-first heap   total 61440K, used 18912K [0x00000000c4c00000, 0x0000000100000000)
  region size 1024K, 9 young (9216K), 1 survivors (1024K)
 Metaspace       used 21254K, committed 21504K, reserved 1114112K
  class space    used 2441K, committed 2560K, reserved 1048576K
}
Event: 7.345 GC heap after
{Heap after GC invocations=5 (full 0):
 garbage-first heap   total 61440K, used 12184K [0x00000000c4c00000, 0x0000000100000000)
  region size 1024K, 2 young (2048K), 2 survivors (2048K)
 Metaspace       used 21254K, committed 21504K, reserved 1114112K
  class space    used 2441K, committed 2560K, reserved 1048576K
}

Dll operation events (12 events):
Event: 0.105 Loaded shared library C:\Program Files\Java\jdk-19\bin\java.dll
Event: 0.526 Loaded shared library C:\Program Files\Java\jdk-19\bin\jsvml.dll
Event: 0.836 Loaded shared library C:\Program Files\Java\jdk-19\bin\net.dll
Event: 0.846 Loaded shared library C:\Program Files\Java\jdk-19\bin\nio.dll
Event: 0.863 Loaded shared library C:\Program Files\Java\jdk-19\bin\zip.dll
Event: 1.553 Loaded shared library C:\Program Files\Java\jdk-19\bin\jimage.dll
Event: 1.623 Loaded shared library C:\Program Files\Java\jdk-19\bin\verify.dll
Event: 1.927 Loaded shared library C:\Program Files\Java\jdk-19\bin\extnet.dll
Event: 3.327 Loaded shared library C:\Program Files\Java\jdk-19\bin\prefs.dll
Event: 3.518 Loaded shared library C:\Program Files\Java\jdk-19\bin\sunmscapi.dll
Event: 6.983 Loaded shared library C:\Program Files\Java\jdk-19\bin\management.dll
Event: 6.992 Loaded shared library C:\Program Files\Java\jdk-19\bin\management_ext.dll

Deoptimization events (20 events):
Event: 7.026 Thread 0x0000023c41d0a020 DEOPT PACKING pc=0x0000023c49d4127d sp=0x000000d2ff8f92c0
Event: 7.026 Thread 0x0000023c41d0a020 DEOPT UNPACKING pc=0x0000023c511fb0e3 sp=0x000000d2ff8f8748 mode 0
Event: 7.055 Thread 0x0000023c41d0a020 Uncommon trap: trap_request=0xffffff45 fr.pc=0x0000023c517f8d88 relative=0x0000000000000068
Event: 7.055 Thread 0x0000023c41d0a020 Uncommon trap: reason=unstable_if action=reinterpret pc=0x0000023c517f8d88 method=java.lang.ref.ReferenceQueue.poll()Ljava/lang/ref/Reference; @ 4 c2
Event: 7.055 Thread 0x0000023c41d0a020 DEOPT PACKING pc=0x0000023c517f8d88 sp=0x000000d2ff8fb5b0
Event: 7.055 Thread 0x0000023c41d0a020 DEOPT UNPACKING pc=0x0000023c511fa5a3 sp=0x000000d2ff8fb540 mode 2
Event: 7.083 Thread 0x0000023c41d0a020 DEOPT PACKING pc=0x0000023c4a081be2 sp=0x000000d2ff8fca20
Event: 7.083 Thread 0x0000023c41d0a020 DEOPT UNPACKING pc=0x0000023c511fb0e3 sp=0x000000d2ff8fbea8 mode 0
Event: 7.272 Thread 0x0000023c41d0a020 Uncommon trap: trap_request=0xffffff45 fr.pc=0x0000023c51828174 relative=0x0000000000000234
Event: 7.272 Thread 0x0000023c41d0a020 Uncommon trap: reason=unstable_if action=reinterpret pc=0x0000023c51828174 method=java.io.WinNTFileSystem.prefixLength(Ljava/lang/String;)I @ 25 c2
Event: 7.272 Thread 0x0000023c41d0a020 DEOPT PACKING pc=0x0000023c51828174 sp=0x000000d2ff8fda40
Event: 7.272 Thread 0x0000023c41d0a020 DEOPT UNPACKING pc=0x0000023c511fa5a3 sp=0x000000d2ff8fd9c8 mode 2
Event: 7.274 Thread 0x0000023c41d0a020 Uncommon trap: trap_request=0xffffff45 fr.pc=0x0000023c517e97e0 relative=0x0000000000000620
Event: 7.274 Thread 0x0000023c41d0a020 Uncommon trap: reason=unstable_if action=reinterpret pc=0x0000023c517e97e0 method=java.lang.String.replace(CC)Ljava/lang/String; @ 2 c2
Event: 7.274 Thread 0x0000023c41d0a020 DEOPT PACKING pc=0x0000023c517e97e0 sp=0x000000d2ff8fda30
Event: 7.274 Thread 0x0000023c41d0a020 DEOPT UNPACKING pc=0x0000023c511fa5a3 sp=0x000000d2ff8fd9e0 mode 2
Event: 7.365 Thread 0x0000023c41d0a020 Uncommon trap: trap_request=0xffffff45 fr.pc=0x0000023c5179a188 relative=0x00000000000009c8
Event: 7.365 Thread 0x0000023c41d0a020 Uncommon trap: reason=unstable_if action=reinterpret pc=0x0000023c5179a188 method=jdk.internal.org.objectweb.asm.Frame.execute(IILjdk/internal/org/objectweb/asm/Symbol;Ljdk/internal/org/objectweb/asm/SymbolTable;)V @ 1 c2
Event: 7.365 Thread 0x0000023c41d0a020 DEOPT PACKING pc=0x0000023c5179a188 sp=0x000000d2ff8fc100
Event: 7.365 Thread 0x0000023c41d0a020 DEOPT UNPACKING pc=0x0000023c511fa5a3 sp=0x000000d2ff8fc068 mode 2

Classes loaded (20 events):
Event: 7.627 Loading class java/lang/invoke/ConstantBootstraps
Event: 7.627 Loading class java/lang/invoke/ConstantBootstraps done
Event: 7.659 Loading class java/nio/channels/UnsupportedAddressTypeException
Event: 7.659 Loading class java/nio/channels/UnsupportedAddressTypeException done
Event: 7.663 Loading class java/nio/channels/spi/AbstractSelector$1
Event: 7.663 Loading class java/nio/channels/spi/AbstractSelector$1 done
Event: 7.668 Loading class java/io/PushbackInputStream
Event: 7.668 Loading class java/io/PushbackInputStream done
Event: 7.681 Loading class java/nio/charset/IllegalCharsetNameException
Event: 7.681 Loading class java/nio/charset/IllegalCharsetNameException done
Event: 7.681 Loading class java/nio/charset/UnsupportedCharsetException
Event: 7.682 Loading class java/nio/charset/UnsupportedCharsetException done
Event: 7.688 Loading class sun/nio/ch/IOVecWrapper
Event: 7.688 Loading class sun/nio/ch/IOVecWrapper done
Event: 7.688 Loading class sun/nio/ch/AllocatedNativeObject
Event: 7.688 Loading class sun/nio/ch/NativeObject
Event: 7.688 Loading class sun/nio/ch/NativeObject done
Event: 7.688 Loading class sun/nio/ch/AllocatedNativeObject done
Event: 7.688 Loading class sun/nio/ch/IOVecWrapper$Deallocator
Event: 7.689 Loading class sun/nio/ch/IOVecWrapper$Deallocator done

Classes unloaded (0 events):
No events

Classes redefined (0 events):
No events

Internal exceptions (20 events):
Event: 6.717 Thread 0x0000023c41d0a020 Exception <a 'java/lang/IncompatibleClassChangeError'{0x00000000c7af78d8}: Found class java.lang.Object, but interface was expected> (0x00000000c7af78d8) 
thrown [s\open\src\hotspot\share\interpreter\linkResolver.cpp, line 841]
Event: 6.884 Thread 0x0000023c41d0a020 Exception <a 'java/lang/NoSuchMethodError'{0x00000000c76a3280}: 'void java.lang.invoke.DirectMethodHandle$Holder.invokeStaticInit(java.lang.Object, java.lang.Object)'> (0x00000000c76a3280) 
thrown [s\open\src\hotspot\share\interpreter\linkResolver.cpp, line 774]
Event: 6.925 Thread 0x0000023c41d0a020 Exception <a 'java/lang/NoClassDefFoundError'{0x00000000c7404208}> (0x00000000c7404208) 
thrown [s\open\src\hotspot\share\oops\instanceKlass.cpp, line 1168]
Event: 6.926 Thread 0x0000023c41d0a020 Exception <a 'java/lang/NoClassDefFoundError'{0x00000000c740f8c8}: org/apache/logging/log4j/spi/ExtendedLoggerWrapper> (0x00000000c740f8c8) 
thrown [s\open\src\hotspot\share\classfile\systemDictionary.cpp, line 244]
Event: 6.928 Thread 0x0000023c41d0a020 Exception <a 'java/lang/NoClassDefFoundError'{0x00000000c7418df8}: org/apache/log4j/Priority> (0x00000000c7418df8) 
thrown [s\open\src\hotspot\share\classfile\systemDictionary.cpp, line 244]
Event: 7.241 Thread 0x0000023c41d0a020 Exception <a 'java/lang/NoSuchMethodError'{0x00000000c82a10a0}: 'java.lang.Object java.lang.invoke.DirectMethodHandle$Holder.invokeSpecialIFC(java.lang.Object, java.lang.Object, java.lang.Object, java.lang.Object)'> (0x00000000c82a10a0) 
thrown [s\open\src\hotspot\share\interpreter\linkResolver.cpp, line 774]
Event: 7.260 Thread 0x0000023c41d0a020 Exception <a 'java/lang/NoSuchMethodError'{0x00000000c8186728}: 'java.lang.Object java.lang.invoke.DirectMethodHandle$Holder.invokeInterface(java.lang.Object, java.lang.Object, java.lang.Object)'> (0x00000000c8186728) 
thrown [s\open\src\hotspot\share\interpreter\linkResolver.cpp, line 774]
Event: 7.261 Thread 0x0000023c41d0a020 Exception <a 'java/lang/IncompatibleClassChangeError'{0x00000000c818a0b8}: Found class java.lang.Object, but interface was expected> (0x00000000c818a0b8) 
thrown [s\open\src\hotspot\share\interpreter\linkResolver.cpp, line 841]
Event: 7.262 Thread 0x0000023c41d0a020 Exception <a 'java/lang/NoSuchMethodError'{0x00000000c8192a88}: 'int java.lang.invoke.DirectMethodHandle$Holder.invokeSpecialIFC(java.lang.Object, java.lang.Object, java.lang.Object, java.lang.Object)'> (0x00000000c8192a88) 
thrown [s\open\src\hotspot\share\interpreter\linkResolver.cpp, line 774]
Event: 7.365 Thread 0x0000023c41d0a020 Exception <a 'java/lang/NoSuchMethodError'{0x00000000c877b9d8}: 'double java.lang.invoke.DirectMethodHandle$Holder.invokeVirtual(java.lang.Object, java.lang.Object)'> (0x00000000c877b9d8) 
thrown [s\open\src\hotspot\share\interpreter\linkResolver.cpp, line 774]
Event: 7.365 Thread 0x0000023c41d0a020 Exception <a 'java/lang/NoSuchMethodError'{0x00000000c8782268}: 'float java.lang.invoke.DirectMethodHandle$Holder.invokeVirtual(java.lang.Object, java.lang.Object)'> (0x00000000c8782268) 
thrown [s\open\src\hotspot\share\interpreter\linkResolver.cpp, line 774]
Event: 7.367 Thread 0x0000023c41d0a020 Exception <a 'java/lang/NoSuchMethodError'{0x00000000c878b310}: 'long java.lang.invoke.DirectMethodHandle$Holder.invokeVirtual(java.lang.Object, java.lang.Object)'> (0x00000000c878b310) 
thrown [s\open\src\hotspot\share\interpreter\linkResolver.cpp, line 774]
Event: 7.372 Thread 0x0000023c41d0a020 Exception <a 'java/lang/NoSuchMethodError'{0x00000000c87eb4b0}: 'java.lang.Object java.lang.invoke.DirectMethodHandle$Holder.invokeVirtual(java.lang.Object, java.lang.Object, java.lang.Object)'> (0x00000000c87eb4b0) 
thrown [s\open\src\hotspot\share\interpreter\linkResolver.cpp, line 774]
Event: 7.398 Thread 0x0000023c41d0a020 Exception <a 'java/lang/NoSuchMethodError'{0x00000000c77f4500}: 'void java.lang.invoke.DirectMethodHandle$Holder.invokeSpecial(java.lang.Object, java.lang.Object, java.lang.Object, java.lang.Object, java.lang.Object)'> (0x00000000c77f4500) 
thrown [s\open\src\hotspot\share\interpreter\linkResolver.cpp, line 774]
Event: 7.398 Thread 0x0000023c41d0a020 Exception <a 'java/lang/NoSuchMethodError'{0x00000000c77fb2d8}: 'void java.lang.invoke.DirectMethodHandle$Holder.invokeStatic(java.lang.Object, java.lang.Object, int)'> (0x00000000c77fb2d8) 
thrown [s\open\src\hotspot\share\interpreter\linkResolver.cpp, line 774]
Event: 7.453 Thread 0x0000023c41d0a020 Exception <a 'java/lang/NoSuchMethodError'{0x00000000c75ed948}: 'int java.lang.invoke.DirectMethodHandle$Holder.invokeSpecialIFC(java.lang.Object, java.lang.Object, java.lang.Object)'> (0x00000000c75ed948) 
thrown [s\open\src\hotspot\share\interpreter\linkResolver.cpp, line 774]
Event: 7.468 Thread 0x0000023c41d0a020 Exception <a 'java/lang/NoSuchMethodError'{0x00000000c74652a8}: 'void java.lang.invoke.DirectMethodHandle$Holder.invokeInterface(java.lang.Object, java.lang.Object, java.lang.Object)'> (0x00000000c74652a8) 
thrown [s\open\src\hotspot\share\interpreter\linkResolver.cpp, line 774]
Event: 7.539 Thread 0x0000023c41d0a020 Exception <a 'java/lang/NoSuchMethodError'{0x00000000c72d25f0}: 'void java.lang.invoke.DirectMethodHandle$Holder.invokeSpecial(java.lang.Object, java.lang.Object, java.lang.Object, java.lang.Object, java.lang.Object, java.lang.Object)'> (0x00000000c72d25f0) 
thrown [s\open\src\hotspot\share\interpreter\linkResolver.cpp, line 774]
Event: 7.558 Thread 0x0000023c41d0a020 Exception <a 'java/lang/NoSuchMethodError'{0x00000000c715c880}: 'long java.lang.invoke.DirectMethodHandle$Holder.invokeInterface(java.lang.Object, java.lang.Object)'> (0x00000000c715c880) 
thrown [s\open\src\hotspot\share\interpreter\linkResolver.cpp, line 774]
Event: 7.558 Thread 0x0000023c41d0a020 Exception <a 'java/lang/NoSuchMethodError'{0x00000000c7160e88}: 'long java.lang.invoke.DelegatingMethodHandle$Holder.reinvoke_L(java.lang.Object, java.lang.Object)'> (0x00000000c7160e88) 
thrown [s\open\src\hotspot\share\interpreter\linkResolver.cpp, line 774]

VM Operations (20 events):
Event: 3.970 Executing VM operation: HandshakeAllThreads
Event: 3.970 Executing VM operation: HandshakeAllThreads done
Event: 4.980 Executing VM operation: Cleanup
Event: 4.980 Executing VM operation: Cleanup done
Event: 5.980 Executing VM operation: Cleanup
Event: 5.980 Executing VM operation: Cleanup done
Event: 6.590 Executing VM operation: G1CollectForAllocation
Event: 6.597 Executing VM operation: G1CollectForAllocation done
Event: 7.043 Executing VM operation: G1CollectForAllocation
Event: 7.047 Executing VM operation: G1CollectForAllocation done
Event: 7.343 Executing VM operation: CollectForMetadataAllocation
Event: 7.345 Executing VM operation: CollectForMetadataAllocation done
Event: 7.359 Executing VM operation: G1PauseRemark
Event: 7.361 Executing VM operation: G1PauseRemark done
Event: 7.366 Executing VM operation: G1PauseCleanup
Event: 7.366 Executing VM operation: G1PauseCleanup done
Event: 8.380 Executing VM operation: Cleanup
Event: 8.381 Executing VM operation: Cleanup done
Event: 9.387 Executing VM operation: Cleanup
Event: 9.387 Executing VM operation: Cleanup done

Events (20 events):
Event: 0.653 Thread 0x0000023c5d39b120 Thread added: 0x0000023c5d39b120
Event: 0.653 Thread 0x0000023c5d39db60 Thread added: 0x0000023c5d39db60
Event: 0.656 Thread 0x0000023c5d3a2c10 Thread added: 0x0000023c5d3a2c10
Event: 0.656 Thread 0x0000023c5d3a3540 Thread added: 0x0000023c5d3a3540
Event: 0.657 Thread 0x0000023c5d3a3e70 Thread added: 0x0000023c5d3a3e70
Event: 0.657 Thread 0x0000023c5d3a47a0 Thread added: 0x0000023c5d3a47a0
Event: 0.658 Thread 0x0000023c5d3ab920 Thread added: 0x0000023c5d3ab920
Event: 0.658 Thread 0x0000023c5d3b6a90 Thread added: 0x0000023c5d3b6a90
Event: 0.659 Thread 0x0000023c5d3c1400 Thread added: 0x0000023c5d3c1400
Event: 0.803 Thread 0x0000023c618ccdc0 Thread added: 0x0000023c618ccdc0
Event: 0.824 Thread 0x0000023c618db190 Thread added: 0x0000023c618db190
Event: 1.947 Thread 0x0000023c61e9e530 Thread added: 0x0000023c61e9e530
Event: 6.860 Thread 0x0000023c62fd3a00 Thread added: 0x0000023c62fd3a00
Event: 7.023 Thread 0x0000023c61a5c380 Thread added: 0x0000023c61a5c380
Event: 7.275 Thread 0x0000023c61ab60c0 Thread added: 0x0000023c61ab60c0
Event: 7.298 Thread 0x0000023c618ea3a0 Thread added: 0x0000023c618ea3a0
Event: 7.298 Thread 0x0000023c62cde020 Thread added: 0x0000023c62cde020
Event: 7.349 Thread 0x0000023c63064080 Thread added: 0x0000023c63064080
Event: 7.350 Thread 0x0000023c63063090 Thread added: 0x0000023c63063090
Event: 7.625 Thread 0x0000023c630635e0 Thread added: 0x0000023c630635e0


Dynamic libraries:
0x00007ff67b7c0000 - 0x00007ff67b7d0000 	C:\Program Files\Java\jdk-19\bin\javaw.exe
0x00007fff5edd0000 - 0x00007fff5efe4000 	C:\WINDOWS\SYSTEM32\ntdll.dll
0x00007fff5de10000 - 0x00007fff5ded2000 	C:\WINDOWS\System32\KERNEL32.DLL
0x00007fff5c5a0000 - 0x00007fff5c943000 	C:\WINDOWS\System32\KERNELBASE.dll
0x00007fff5c9d0000 - 0x00007fff5cae1000 	C:\WINDOWS\System32\ucrtbase.dll
0x00007fff472a0000 - 0x00007fff472b8000 	C:\Program Files\Java\jdk-19\bin\jli.dll
0x00007fff5da60000 - 0x00007fff5db0e000 	C:\WINDOWS\System32\ADVAPI32.dll
0x00007fff5ece0000 - 0x00007fff5ed87000 	C:\WINDOWS\System32\msvcrt.dll
0x00007fff3e840000 - 0x00007fff3e85b000 	C:\Program Files\Java\jdk-19\bin\VCRUNTIME140.dll
0x00007fff5e050000 - 0x00007fff5e0f4000 	C:\WINDOWS\System32\sechost.dll
0x00007fff5db10000 - 0x00007fff5dc27000 	C:\WINDOWS\System32\RPCRT4.dll
0x00007fff5ccc0000 - 0x00007fff5ce6a000 	C:\WINDOWS\System32\USER32.dll
0x00007fff5c500000 - 0x00007fff5c526000 	C:\WINDOWS\System32\win32u.dll
0x00007fff5e6d0000 - 0x00007fff5e6f9000 	C:\WINDOWS\System32\GDI32.dll
0x00007fff5c270000 - 0x00007fff5c389000 	C:\WINDOWS\System32\gdi32full.dll
0x00007fff3f4a0000 - 0x00007fff3f72e000 	C:\WINDOWS\WinSxS\amd64_microsoft.windows.common-controls_6595b64144ccf1df_6.0.22621.1635_none_270f70857386168e\COMCTL32.dll
0x00007fff5c1d0000 - 0x00007fff5c26a000 	C:\WINDOWS\System32\msvcp_win.dll
0x00007fff54730000 - 0x00007fff5473a000 	C:\WINDOWS\SYSTEM32\VERSION.dll
0x00007fff5df30000 - 0x00007fff5df61000 	C:\WINDOWS\System32\IMM32.DLL
0x00007fff573e0000 - 0x00007fff573ec000 	C:\Program Files\Java\jdk-19\bin\vcruntime140_1.dll
0x00007fff39790000 - 0x00007fff3981e000 	C:\Program Files\Java\jdk-19\bin\msvcp140.dll
0x00007fff19f20000 - 0x00007fff1abe0000 	C:\Program Files\Java\jdk-19\bin\server\jvm.dll
0x00007fff45550000 - 0x00007fff45559000 	C:\WINDOWS\SYSTEM32\WSOCK32.dll
0x00007fff55280000 - 0x00007fff552b4000 	C:\WINDOWS\SYSTEM32\WINMM.dll
0x00007fff5e170000 - 0x00007fff5e1e1000 	C:\WINDOWS\System32\WS2_32.dll
0x00007fff5b210000 - 0x00007fff5b228000 	C:\WINDOWS\SYSTEM32\kernel.appcore.dll
0x00007fff56a00000 - 0x00007fff56a0a000 	C:\Program Files\Java\jdk-19\bin\jimage.dll
0x00007fff59cb0000 - 0x00007fff59ede000 	C:\WINDOWS\SYSTEM32\DBGHELP.DLL
0x00007fff5ce80000 - 0x00007fff5d209000 	C:\WINDOWS\System32\combase.dll
0x00007fff5df70000 - 0x00007fff5e047000 	C:\WINDOWS\System32\OLEAUT32.dll
0x00007fff39b70000 - 0x00007fff39ba2000 	C:\WINDOWS\SYSTEM32\dbgcore.DLL
0x00007fff5c950000 - 0x00007fff5c9ca000 	C:\WINDOWS\System32\bcryptPrimitives.dll
0x00007fff3de80000 - 0x00007fff3dea6000 	C:\Program Files\Java\jdk-19\bin\java.dll
0x00007fff395e0000 - 0x00007fff396b7000 	C:\Program Files\Java\jdk-19\bin\jsvml.dll
0x00007fff5d220000 - 0x00007fff5da19000 	C:\WINDOWS\System32\SHELL32.dll
0x00007fff5a1c0000 - 0x00007fff5aa8e000 	C:\WINDOWS\SYSTEM32\windows.storage.dll
0x00007fff5a080000 - 0x00007fff5a1be000 	C:\WINDOWS\SYSTEM32\wintypes.dll
0x00007fff5ebe0000 - 0x00007fff5ecd1000 	C:\WINDOWS\System32\SHCORE.dll
0x00007fff5e1f0000 - 0x00007fff5e24e000 	C:\WINDOWS\System32\shlwapi.dll
0x00007fff5c100000 - 0x00007fff5c126000 	C:\WINDOWS\SYSTEM32\profapi.dll
0x00007fff3e6d0000 - 0x00007fff3e6e3000 	C:\Program Files\Java\jdk-19\bin\net.dll
0x00007fff51110000 - 0x00007fff51247000 	C:\WINDOWS\SYSTEM32\WINHTTP.dll
0x00007fff5b690000 - 0x00007fff5b6f9000 	C:\WINDOWS\system32\mswsock.dll
0x00007fff3de60000 - 0x00007fff3de76000 	C:\Program Files\Java\jdk-19\bin\nio.dll
0x00007fff3dba0000 - 0x00007fff3dbb8000 	C:\Program Files\Java\jdk-19\bin\zip.dll
0x00007fff51020000 - 0x00007fff51030000 	C:\Program Files\Java\jdk-19\bin\verify.dll
0x00007fff5ad60000 - 0x00007fff5ae53000 	C:\WINDOWS\SYSTEM32\DNSAPI.dll
0x00007fff5acf0000 - 0x00007fff5ad1d000 	C:\WINDOWS\SYSTEM32\IPHLPAPI.DLL
0x00007fff5ce70000 - 0x00007fff5ce79000 	C:\WINDOWS\System32\NSI.dll
0x00007fff4e8f0000 - 0x00007fff4e8fa000 	C:\Windows\System32\rasadhlp.dll
0x00007fff50780000 - 0x00007fff50804000 	C:\WINDOWS\System32\fwpuclnt.dll
0x00007fff4fa70000 - 0x00007fff4fa78000 	C:\Program Files\Java\jdk-19\bin\extnet.dll
0x00007fff5b8f0000 - 0x00007fff5b90b000 	C:\WINDOWS\SYSTEM32\CRYPTSP.dll
0x00007fff5b180000 - 0x00007fff5b1b5000 	C:\WINDOWS\system32\rsaenh.dll
0x00007fff5b790000 - 0x00007fff5b7bc000 	C:\WINDOWS\SYSTEM32\USERENV.dll
0x00007fff5bab0000 - 0x00007fff5bad8000 	C:\WINDOWS\SYSTEM32\bcrypt.dll
0x00007fff5b910000 - 0x00007fff5b91c000 	C:\WINDOWS\SYSTEM32\CRYPTBASE.dll
0x00007fff512b0000 - 0x00007fff512c9000 	C:\WINDOWS\SYSTEM32\dhcpcsvc6.DLL
0x00007fff510a0000 - 0x00007fff510bf000 	C:\WINDOWS\SYSTEM32\dhcpcsvc.DLL
0x00007fff472d0000 - 0x00007fff472d9000 	C:\Program Files\Java\jdk-19\bin\prefs.dll
0x00007fff47290000 - 0x00007fff4729e000 	C:\Program Files\Java\jdk-19\bin\sunmscapi.dll
0x00007fff5c390000 - 0x00007fff5c4f7000 	C:\WINDOWS\System32\CRYPT32.dll
0x00007fff5ba80000 - 0x00007fff5baae000 	C:\WINDOWS\SYSTEM32\ncrypt.dll
0x00007fff5ba40000 - 0x00007fff5ba77000 	C:\WINDOWS\SYSTEM32\NTASN1.dll
0x00007fff45540000 - 0x00007fff4554a000 	C:\Program Files\Java\jdk-19\bin\management.dll
0x00007fff3fa00000 - 0x00007fff3fa0b000 	C:\Program Files\Java\jdk-19\bin\management_ext.dll
0x00007fff5da20000 - 0x00007fff5da28000 	C:\WINDOWS\System32\PSAPI.DLL
0x00007fff3e8c0000 - 0x00007fff3e8c8000 	C:\WINDOWS\system32\wshunix.dll

dbghelp: loaded successfully - version: 4.0.5 - missing functions: none
symbol engine: initialized successfully - sym options: 0x614 - pdb path: .;C:\Program Files\Java\jdk-19\bin;C:\WINDOWS\SYSTEM32;C:\WINDOWS\WinSxS\amd64_microsoft.windows.common-controls_6595b64144ccf1df_6.0.22621.1635_none_270f70857386168e;C:\Program Files\Java\jdk-19\bin\server

VM Arguments:
jvm_args: -ea -Dfile.encoding=UTF-8 -XX:+ShowCodeDetailsInExceptionMessages 
java_command: org.testng.remote.RemoteTestNG -serport 53446 -protocol json -d C:\Users\DEEPOO KADAPA\eclipse-workspace\AutomationFramework\test-output C:\Users\DEEPOO~1\AppData\Local\Temp\testng-eclipse--184710943\testng-customsuite.xml
java_class_path (initial): C:\Users\DEEPOO KADAPA\eclipse\committers-2022-123\eclipse\configuration\org.eclipse.osgi\492\0\.cp\lib\testng-remote.jar;C:\Users\DEEPOO KADAPA\eclipse-workspace\AutomationFramework\target\test-classes;C:\Users\DEEPOO KADAPA\eclipse-workspace\AutomationFramework\target\classes;C:\Users\DEEPOO KADAPA\.m2\repository\org\seleniumhq\selenium\selenium-java\4.8.1\selenium-java-4.8.1.jar;C:\Users\DEEPOO KADAPA\.m2\repository\org\seleniumhq\selenium\selenium-api\4.8.1\selenium-api-4.8.1.jar;C:\Users\DEEPOO KADAPA\.m2\repository\org\seleniumhq\selenium\selenium-chrome-driver\4.8.1\selenium-chrome-driver-4.8.1.jar;C:\Users\DEEPOO KADAPA\.m2\repository\com\google\auto\service\auto-service-annotations\1.0.1\auto-service-annotations-1.0.1.jar;C:\Users\DEEPOO KADAPA\.m2\repository\com\google\auto\service\auto-service\1.0.1\auto-service-1.0.1.jar;C:\Users\DEEPOO KADAPA\.m2\repository\com\google\auto\auto-common\1.2\auto-common-1.2.jar;C:\Users\DEEPOO KADAPA\.m2\repository\com\google\guava\guava\31.1-jre\guava-31.1-jre.jar;C:\Users\DEEPOO KADAPA\.m2\repository\com\google\guava\failureaccess\1.0.1\failureaccess-1.0.1.jar;C:\Users\DEEPOO KADAPA\.m2\repository\com\google\guava\listenablefuture\9999.0-empty-to-avoid-conflict-with-guava\listenablefuture-9999.0-empty-to-avoid-conflict-with-guava.jar;C:\Users\DEEPOO KADAPA\.m2\repository\com\google\code\findbugs\jsr305\3.0.2\jsr305-3.0.2.jar;C:\Users\DEEPOO KADAPA\.m2\repository\org\checkerframework\checker-qual\3.12.0\checker-qual-3.12.0.jar;C:\Users\DEEPOO KADAPA\.m2\repository\com\google\errorprone\error_prone_annotations\2.11.0\error_prone_annotations-2.11.0.jar;C:\Users\DEEPOO KADAPA\.m2\repository\com\google\j2objc\j2objc-annotations\1.3\j2objc-annotations-1.3.jar;C:\Users\DEEPOO KADAPA\.m2\repository\org\seleniumhq\selenium\selenium-chromium-driver\4.8.1\selenium-chromium-driver-4.8.1.jar;C:\Users\DEEPOO KADAPA\.m2\repository\org\seleniumhq\selenium\selenium-json\4.8.1\selenium-json-4.8.1.jar;C:\Users\DEEPOO KADAPA\.m2\repository\org\seleniumhq\selenium\selenium-devtools-v108\4.8.1\selenium-devtools-v108-4.8.1.jar;C:\Users\DEEPOO KADAPA\.m2\repository\org\seleniumhq\selenium\selenium-devtools-v109\4.8.1\selenium-devtools-v109-4.8.1.jar;C:\Users\DEEPOO KADAPA\.m2\repository\org\seleniumhq\selenium\selenium-devtools-v110\4.8.1\selenium-devtools-v110-4.8.1.jar;C:\Users\DEEPOO KADAPA\.m2\repository\org\seleniumhq\selenium\selenium-devtools-v85\4.8.1\selenium-devtools-v85-4.8.1.jar;C:\Users\DEEPOO KADAPA\.m2\repository\org\seleniumhq\selenium\selenium-edge-driver\4.8.1\selenium-edge-driver-4.8.1.jar;C:\Users\DEEPOO KADAPA\.m2\repository\org\seleniumhq\selenium\selenium-firefox-driver\4.8.1\selenium-firefox-driver-4.8.1.jar;C:\Users\DEEPOO KADAPA\.m2\repository\org\seleniumhq\selenium\selenium-http\4.8.1\selenium-http-4.8.1.jar;C:\Users\DEEPOO KADAPA\.m2\repository\dev\failsafe\failsafe\3.3.0\failsafe-3.3.0.jar;C:\Users\DEEPOO KADAPA\.m2\repository\org\seleniumhq\selenium\selenium-ie-driver\4.8.1\selenium-ie-driver-4.8.1.jar;C:\Users\DEEPOO KADAPA\.m2\repository\org\seleniumhq\selenium\selenium-remote-driver\4.8.1\selenium-remote-driver-4.8.1.jar;C:\Users\DEEPOO KADAPA\.m2\repository\io\netty\netty-buffer\4.1.87.Final\netty-buffer-4.1.87.Final.jar;C:\Users\DEEPOO KADAPA\.m2\repository\io\netty\netty-codec-http\4.1.87.Final\netty-codec-http-4.1.87.Final.jar;C:\Users\DEEPOO KADAPA\.m2\repository\io\netty\netty-codec\4.1.87.Final\netty-codec-4.1.87.Final.jar;C:\Users\DEEPOO KADAPA\.m2\repository\io\netty\netty-handler\4.1.87.Final\netty-handler-4.1.87.Final.jar;C:\Users\DEEPOO KADAPA\.m2\repository\io\netty\netty-common\4.1.87.Final\netty-common-4.1.87.Final.jar;C:\Users\DEEPOO KADAPA\.m2\repository\io\netty\netty-transport-classes-epoll\4.1.87.Final\netty-transport-classes-epoll-4.1.87.Final.jar;C:\Users\DEEPOO KADAPA\.m2\repository\io\netty\netty-transport-classes-kqueue\4.1.87.Final\netty-transport-classes-kqueue-4.1.87.Final.jar;C:\Users\DEEPOO KADAPA\.m2\repository\io\netty\netty-transport-native-epoll\4.1.87.Final\netty-transport-native-epoll-4.1.87.Final.jar;C:\Users\DEEPOO KADAPA\.m2\repository\io\netty\netty-transport-native-kqueue\4.1.87.Final\netty-transport-native-kqueue-4.1.87.Final.jar;C:\Users\DEEPOO KADAPA\.m2\repository\io\netty\netty-transport-native-unix-common\4.1.87.Final\netty-transport-native-unix-common-4.1.87.Final.jar;C:\Users\DEEPOO KADAPA\.m2\repository\io\netty\netty-transport\4.1.87.Final\netty-transport-4.1.87.Final.jar;C:\Users\DEEPOO KADAPA\.m2\repository\io\netty\netty-resolver\4.1.87.Final\netty-resolver-4.1.87.Final.jar;C:\Users\DEEPOO KADAPA\.m2\repository\io\opentelemetry\opentelemetry-api\1.22.0\opentelemetry-api-1.22.0.jar;C:\Users\DEEPOO KADAPA\.m2\repository\io\opentelemetry\opentelemetry-context\1.22.0\opentelemetry-context-1.22.0.jar;C:\Users\DEEPOO KADAPA\.m2\repository\io\opentelemetry\opentelemetry-exporter-logging\1.22.0\opentelemetry-exporter-logging-1.22.0.jar;C:\Users\DEEPOO KADAPA\.m2\repository\io\opentelemetry\opentelemetry-sdk-metrics\1.22.0\opentelemetry-sdk-metrics-1.22.0.jar;C:\Users\DEEPOO KADAPA\.m2\repository\io\opentelemetry\opentelemetry-sdk-logs\1.22.0-alpha\opentelemetry-sdk-logs-1.22.0-alpha.jar;C:\Users\DEEPOO KADAPA\.m2\repository\io\opentelemetry\opentelemetry-api-logs\1.22.0-alpha\opentelemetry-api-logs-1.22.0-alpha.jar;C:\Users\DEEPOO KADAPA\.m2\repository\io\opentelemetry\opentelemetry-sdk-common\1.22.0\opentelemetry-sdk-common-1.22.0.jar;C:\Users\DEEPOO KADAPA\.m2\repository\io\opentelemetry\opentelemetry-sdk-extension-autoconfigure-spi\1.22.0\opentelemetry-sdk-extension-autoconfigure-spi-1.22.0.jar;C:\Users\DEEPOO KADAPA\.m2\repository\io\opentelemetry\opentelemetry-sdk-extension-autoconfigure\1.22.0-alpha\opentelemetry-sdk-extension-autoconfigure-1.22.0-alpha.jar;C:\Users\DEEPOO KADAPA\.m2\repository\io\opentelemetry\opentelemetry-sdk-trace\1.22.0\opentelemetry-sdk-trace-1.22.0.jar;C:\Users\DEEPOO KADAPA\.m2\repository\io\opentelemetry\opentelemetry-sdk\1.22.0\opentelemetry-sdk-1.22.0.jar;C:\Users\DEEPOO KADAPA\.m2\repository\io\opentelemetry\opentelemetry-semconv\1.22.0-alpha\opentelemetry-semconv-1.22.0-alpha.jar;C:\Users\DEEPOO KADAPA\.m2\repository\io\ous\jtoml\2.0.0\jtoml-2.0.0.jar;C:\Users\DEEPOO KADAPA\.m2\repository\net\bytebuddy\byte-buddy\1.12.22\byte-buddy-1.12.22.jar;C:\Users\DEEPOO KADAPA\.m2\repository\org\apache\commons\commons-exec\1.3\commons-exec-1.3.jar;C:\Users\DEEPOO KADAPA\.m2\repository\org\asynchttpclient\async-http-client\2.12.3\async-http-client-2.12.3.jar;C:\Users\DEEPOO KADAPA\.m2\repository\org\asynchttpclient\async-http-client-netty-utils\2.12.3\async-http-client-netty-utils-2.12.3.jar;C:\Users\DEEPOO KADAPA\.m2\repository\io\netty\netty-codec-socks\4.1.60.Final\netty-codec-socks-4.1.60.Final.jar;C:\Users\DEEPOO KADAPA\.m2\repository\io\netty\netty-handler-proxy\4.1.60.Final\netty-handler-proxy-4.1.60.Final.jar;C:\Users\DEEPOO KADAPA\.m2\repository\io\netty\netty-transport-native-epoll\4.1.60.Final\netty-transport-native-epoll-4.1.60.Final-linux-x86_64.jar;C:\Users\DEEPOO KADAPA\.m2\repository\io\netty\netty-transport-native-kqueue\4.1.60.Final\netty-transport-native-kqueue-4.1.60.Final-osx-x86_64.jar;C:\Users\DEEPOO KADAPA\.m2\repository\org\reactivestreams\reactive-streams\1.0.3\reactive-streams-1.0.3.jar;C:\Users\DEEPOO KADAPA\.m2\repository\com\typesafe\netty\netty-reactive-streams\2.0.4\netty-reactive-streams-2.0.4.jar;C:\Users\DEEPOO KADAPA\.m2\repository\com\sun\activation\jakarta.activation\1.2.2\jakarta.activation-1.2.2.jar;C:\Users\DEEPOO KADAPA\.m2\repository\org\seleniumhq\selenium\selenium-manager\4.8.1\selenium-manager-4.8.1.jar;C:\Users\DEEPOO KADAPA\.m2\repository\org\seleniumhq\selenium\selenium-safari-driver\4.8.1\selenium-safari-driver-4.8.1.jar;C:\Users\DEEPOO KADAPA\.m2\repository\org\seleniumhq\selenium\selenium-support\4.8.1\selenium-support-4.8.1.jar;C:\Users\DEEPOO KADAPA\.m2\repository\io\github\bonigarcia\webdrivermanager\3.8.1\webdrivermanager-3.8.1.jar;C:\Users\DEEPOO KADAPA\.m2\repository\org\slf4j\slf4j-api\1.7.25\slf4j-api-1.7.25.jar;C:\Users\DEEPOO KADAPA\.m2\repository\com\google\code\gson\gson\2.8.5\gson-2.8.5.jar;C:\Users\DEEPOO KADAPA\.m2\repository\org\apache\commons\commons-lang3\3.8.1\commons-lang3-3.8.1.jar;C:\Users\DEEPOO KADAPA\.m2\repository\org\apache\httpcomponents\httpclient\4.5.6\httpclient-4.5.6.jar;C:\Users\DEEPOO KADAPA\.m2\repository\org\apache\httpcomponents\httpcore\4.4.10\httpcore-4.4.10.jar;C:\Users\DEEPOO KADAPA\.m2\repository\commons-logging\commons-logging\1.2\commons-logging-1.2.jar;C:\Users\DEEPOO KADAPA\.m2\repository\org\rauschig\jarchivelib\1.0.0\jarchivelib-1.0.0.jar;C:\Users\DEEPOO KADAPA\.m2\repository\org\jsoup\jsoup\1.11.3\jsoup-1.11.3.jar;C:\Users\DEEPOO KADAPA\.m2\repository\org\apache\poi\poi\4.1.2\poi-4.1.2.jar;C:\Users\DEEPOO KADAPA\.m2\repository\commons-codec\commons-codec\1.13\commons-codec-1.13.jar;C:\Users\DEEPOO KADAPA\.m2\repository\org\apache\commons\commons-collections4\4.4\commons-collections4-4.4.jar;C:\Users\DEEPOO KADAPA\.m2\repository\org\apache\commons\commons-math3\3.6.1\commons-math3-3.6.1.jar;C:\Users\DEEPOO KADAPA\.m2\repository\com\zaxxer\SparseBitSet\1.2\SparseBitSet-1.2.jar;C:\Users\DEEPOO KADAPA\.m2\repository\org\apache\poi\poi-ooxml\4.1.2\poi-ooxml-4.1.2.jar;C:\Users\DEEPOO KADAPA\.m2\repository\org\apache\poi\poi-ooxml-schemas\4.1.2\poi-ooxml-schemas-4.1.2.jar;C:\Users\DEEPOO KADAPA\.m2\repository\org\apache\xmlbeans\xmlbeans\3.1.0\xmlbeans-3.1.0.jar;C:\Users\DEEPOO KADAPA\.m2\repository\org\apache\commons\commons-compress\1.19\commons-compress-1.19.jar;C:\Users\DEEPOO KADAPA\.m2\repository\com\github\virtuald\curvesapi\1.06\curvesapi-1.06.jar;C:\Users\DEEPOO KADAPA\.m2\repository\commons-io\commons-io\2.11.0\commons-io-2.11.0.jar;C:\Users\DEEPOO KADAPA\.m2\repository\org\testng\testng\7.7.1\testng-7.7.1.jar;C:\Users\DEEPOO KADAPA\.m2\repository\com\beust\jcommander\1.82\jcommander-1.82.jar;C:\Users\DEEPOO KADAPA\.m2\repository\org\webjars\jquery\3.6.1\jquery-3.6.1.jar
Launcher Type: SUN_STANDARD

[Global flags]
     intx CICompilerCount                          = 3                                         {product} {ergonomic}
     uint ConcGCThreads                            = 1                                         {product} {ergonomic}
     uint G1ConcRefinementThreads                  = 4                                         {product} {ergonomic}
   size_t G1HeapRegionSize                         = 1048576                                   {product} {ergonomic}
    uintx GCDrainStackTargetSize                   = 64                                        {product} {ergonomic}
   size_t InitialHeapSize                          = 62914560                                  {product} {ergonomic}
   size_t MarkStackSize                            = 4194304                                   {product} {ergonomic}
   size_t MaxHeapSize                              = 994050048                                 {product} {ergonomic}
   size_t MaxNewSize                               = 595591168                                 {product} {ergonomic}
   size_t MinHeapDeltaBytes                        = 1048576                                   {product} {ergonomic}
   size_t MinHeapSize                              = 8388608                                   {product} {ergonomic}
    uintx NonNMethodCodeHeapSize                   = 5832780                                {pd product} {ergonomic}
    uintx NonProfiledCodeHeapSize                  = 122912730                              {pd product} {ergonomic}
    uintx ProfiledCodeHeapSize                     = 122912730                              {pd product} {ergonomic}
    uintx ReservedCodeCacheSize                    = 251658240                              {pd product} {ergonomic}
     bool SegmentedCodeCache                       = true                                      {product} {ergonomic}
     bool ShowCodeDetailsInExceptionMessages       = true                                   {manageable} {command line}
   size_t SoftMaxHeapSize                          = 994050048                              {manageable} {ergonomic}
     bool UseCompressedClassPointers               = true                           {product lp64_product} {ergonomic}
     bool UseCompressedOops                        = true                           {product lp64_product} {ergonomic}
     bool UseG1GC                                  = true                                      {product} {ergonomic}
     bool UseLargePagesIndividualAllocation        = false                                  {pd product} {ergonomic}

Logging:
Log output configuration:
 #0: stdout all=warning uptime,level,tags foldmultilines=false
 #1: stderr all=off uptime,level,tags foldmultilines=false

Environment Variables:
JAVA_HOME=C:\Program Files\Java\jdk-19
PATH=C:/Users/DEEPOO KADAPA/.p2/pool/plugins/org.eclipse.justj.openjdk.hotspot.jre.full.win32.x86_64_19.0.2.v20230129-1123/jre/bin/server;C:/Users/DEEPOO KADAPA/.p2/pool/plugins/org.eclipse.justj.openjdk.hotspot.jre.full.win32.x86_64_19.0.2.v20230129-1123/jre/bin;D:\oracle\product\10.2.0\db_1\bin;C:\Program Files (x86)\VMware\VMware Player\bin\;C:\Program Files\Common Files\Oracle\Java\javapath;C:\Program Files\Zulu\zulu-17\bin\;C:\WINDOWS\system32;C:\WINDOWS;C:\WINDOWS\System32\Wbem;C:\WINDOWS\System32\WindowsPowerShell\v1.0\;C:\WINDOWS\System32\OpenSSH\;C:\Program Files\Java\jdk-11.0.14\bin;C:\Program Files\Java\jdk-18\bin;C:\Program Files\Java\jdk-19\bin;C:\Program Files\Common Files\Oracle\Java\javapath;C:\Program Files\nodejs\;C:\Users\DEEPOO KADAPA\AppData\Local\Microsoft\WindowsApps;;C:\Program Files\JetBrains\PyCharm 2021.3.2\bin;;C:\Users\DEEPOO KADAPA\AppData\Roaming\npm;C:\Users\DEEPOO KADAPA\Desktop;
USERNAME=DEEPOO KADAPA
OS=Windows_NT
PROCESSOR_IDENTIFIER=Intel64 Family 6 Model 126 Stepping 5, GenuineIntel
TMP=C:\Users\DEEPOO~1\AppData\Local\Temp
TEMP=C:\Users\DEEPOO~1\AppData\Local\Temp



---------------  S Y S T E M  ---------------

OS:
 Windows 11 , 64 bit Build 22621 (10.0.22621.1928)
OS uptime: 4 days 17:18 hours

CPU: total 4 (initial active 4) (2 cores per cpu, 2 threads per core) family 6 model 126 stepping 5 microcode 0xa0, cx8, cmov, fxsr, ht, mmx, 3dnowpref, sse, sse2, sse3, ssse3, sse4.1, sse4.2, popcnt, lzcnt, tsc, tscinvbit, avx, avx2, aes, erms, clmul, bmi1, bmi2, adx, avx512f, avx512dq, avx512cd, avx512bw, avx512vl, sha, fma, vzeroupper, avx512_vpopcntdq, avx512_vpclmulqdq, avx512_vaes, avx512_vnni, clflush, clflushopt, avx512_vbmi2, avx512_vbmi, rdtscp, rdpid, fsrm, gfni, avx512_bitalg

Memory: 4k page, system-wide physical 3784M (13M free)
TotalPageFile size 15560M (AvailPageFile size 2M)
current process WorkingSet (physical memory assigned to process): 112M, peak: 122M
current process commit charge ("private bytes"): 166M, peak: 176M

vm_info: Java HotSpot(TM) 64-Bit Server VM (19.0.2+7-44) for windows-amd64 JRE (19.0.2+7-44), built on 2022-11-30T18:02:09Z by "mach5one" with MS VC++ 17.1 (VS2022)

END.
